2024-03-22 21:22:10,659 - INFO -   username   Ticker investment_type asset_type    age  gender country continent
0   deepti  CSMF.PA          Equity  Financial  18-29  Female   India      Asia
1   deepti      XOM          Others      Other  18-29  Female   India      Asia
2   deepti      UBP          Others  Financial  18-29  Female   India      Asia
3   deepti      BCS          Hybrid   Services  18-29  Female   India      Asia
4   riddhi  CSMF.PA          Equity  Financial  18-29  Female   India      Asia
5   riddhi  CSMF.PA          Equity  Financial  18-29  Female   India      Asia
2024-03-22 21:22:11,225 - INFO - amount distribution user:         date  amount
0 2024-03-21   10.00
1 2024-03-19  100.00
2 2024-03-19   20.00
3 2024-03-21   10.00
4 2024-03-22   10.00
5 2024-03-22   10.00
2024-03-22 21:22:11,256 - INFO - amount distribution user:         date  amount
0 2024-03-21   10.00
1 2024-03-19  100.00
2 2024-03-19   20.00
3 2024-03-21   10.00
4 2024-03-22   10.00
5 2024-03-22   10.00
2024-03-22 21:22:11,298 - INFO - tickers      AMZN    BCS    BLK CAAMX.SA CSMF.PA    EXK  HNNMY IMPACT.CO    JEF  KPMGY    MET   MSCI NOVN.SW     PM    UBP UBSG.SW    XOM
2023-01-01      0      0      0        0       0      0      0         0      0      0      0      0       0      0      0       0      0
2023-01-02      0      0      0        0       0      0      0         0      0      0      0      0       0      0      0       0      0
2023-01-03      0      0      0        0       0      0      0         0      0      0      0      0       0      0      0       0      0
2023-01-04      0      0      0        0       0      0      0         0      0      0      0      0       0      0      0       0      0
2023-01-05      0      0      0        0       0      0      0         0      0      0      0      0       0      0      0       0      0
...           ...    ...    ...      ...     ...    ...    ...       ...    ...    ...    ...    ...     ...    ...    ...     ...    ...
2024-03-18  51.34  47.76  24.62    60.50   74.76  50.41  38.84     50.90  67.76  64.64  58.16  64.66   59.39  44.74  61.78   71.24  62.16
2024-03-19  51.34  47.76  24.62    60.50   74.76  50.41  38.84     50.90  67.76  64.64  58.16  64.66   59.39  44.74  61.78   71.24  62.16
2024-03-20  51.34  47.76  24.62    60.50   74.76  50.41  38.84     50.90  67.76  64.64  58.16  64.66   59.39  44.74  61.78   71.24  62.16
2024-03-21  51.34  47.76  24.62    60.50   74.76  50.41  38.84     50.90  67.76  64.64  58.16  64.66   59.39  44.74  61.78   71.24  62.16
2024-03-22  51.34  47.76  24.62    60.50   74.76  50.41  38.84     50.90  67.76  64.64  58.16  64.66   59.39  44.74  61.78   71.24  62.16

[447 rows x 17 columns]
2024-03-22 21:22:11,325 - INFO - tickers      AMZN    BCS    BLK CAAMX.SA CSMF.PA    EXK  HNNMY IMPACT.CO    JEF  KPMGY    MET   MSCI NOVN.SW     PM    UBP UBSG.SW    XOM
2023-01-01      0      0      0        0       0      0      0         0      0      0      0      0       0      0      0       0      0
2023-01-02      0      0      0        0       0      0      0         0      0      0      0      0       0      0      0       0      0
2023-01-03      0      0      0        0       0      0      0         0      0      0      0      0       0      0      0       0      0
2023-01-04      0      0      0        0       0      0      0         0      0      0      0      0       0      0      0       0      0
2023-01-05      0      0      0        0       0      0      0         0      0      0      0      0       0      0      0       0      0
...           ...    ...    ...      ...     ...    ...    ...       ...    ...    ...    ...    ...     ...    ...    ...     ...    ...
2024-03-18  51.34  47.76  24.62    60.50   74.76  50.41  38.84     50.90  67.76  64.64  58.16  64.66   59.39  44.74  61.78   71.24  62.16
2024-03-19  51.34  47.76  24.62    60.50   74.76  50.41  38.84     50.90  67.76  64.64  58.16  64.66   59.39  44.74  61.78   71.24  62.16
2024-03-20  51.34  47.76  24.62    60.50   74.76  50.41  38.84     50.90  67.76  64.64  58.16  64.66   59.39  44.74  61.78   71.24  62.16
2024-03-21  51.34  47.76  24.62    60.50   74.76  50.41  38.84     50.90  67.76  64.64  58.16  64.66   59.39  44.74  61.78   71.24  62.16
2024-03-22  51.34  47.76  24.62    60.50   74.76  50.41  38.84     50.90  67.76  64.64  58.16  64.66   59.39  44.74  61.78   71.24  62.16

[447 rows x 17 columns]
2024-03-22 21:26:04,877 - INFO - tickers      AMZN    BCS    BLK CAAMX.SA CSMF.PA    EXK  HNNMY IMPACT.CO    JEF  KPMGY    MET   MSCI NOVN.SW     PM    UBP UBSG.SW    XOM
2023-01-01      0      0      0        0       0      0      0         0      0      0      0      0       0      0      0       0      0
2023-01-02      0      0      0        0       0      0      0         0      0      0      0      0       0      0      0       0      0
2023-01-03      0      0      0        0       0      0      0         0      0      0      0      0       0      0      0       0      0
2023-01-04      0      0      0        0       0      0      0         0      0      0      0      0       0      0      0       0      0
2023-01-05      0      0      0        0       0      0      0         0      0      0      0      0       0      0      0       0      0
...           ...    ...    ...      ...     ...    ...    ...       ...    ...    ...    ...    ...     ...    ...    ...     ...    ...
2024-03-18  51.34  47.76  24.62    60.50   74.76  50.41  38.84     50.90  67.76  64.64  58.16  64.66   59.39  44.74  61.78   71.24  62.16
2024-03-19  51.34  47.76  24.62    60.50   74.76  50.41  38.84     50.90  67.76  64.64  58.16  64.66   59.39  44.74  61.78   71.24  62.16
2024-03-20  51.34  47.76  24.62    60.50   74.76  50.41  38.84     50.90  67.76  64.64  58.16  64.66   59.39  44.74  61.78   71.24  62.16
2024-03-21  51.34  47.76  24.62    60.50   74.76  50.41  38.84     50.90  67.76  64.64  58.16  64.66   59.39  44.74  61.78   71.24  62.16
2024-03-22  51.34  47.76  24.62    60.50   74.76  50.41  38.84     50.90  67.76  64.64  58.16  64.66   59.39  44.74  61.78   71.24  62.16

[447 rows x 17 columns]
2024-03-22 21:26:26,239 - INFO - tickers      AMZN    BCS    BLK CAAMX.SA CSMF.PA    EXK  HNNMY IMPACT.CO    JEF  KPMGY    MET   MSCI NOVN.SW     PM    UBP UBSG.SW    XOM
2023-01-01      0      0      0        0       0      0      0         0      0      0      0      0       0      0      0       0      0
2023-01-02      0      0      0        0       0      0      0         0      0      0      0      0       0      0      0       0      0
2023-01-03      0      0      0        0       0      0      0         0      0      0      0      0       0      0      0       0      0
2023-01-04      0      0      0        0       0      0      0         0      0      0      0      0       0      0      0       0      0
2023-01-05      0      0      0        0       0      0      0         0      0      0      0      0       0      0      0       0      0
...           ...    ...    ...      ...     ...    ...    ...       ...    ...    ...    ...    ...     ...    ...    ...     ...    ...
2024-03-18  51.34  47.76  24.62    60.50   74.76  50.41  38.84     50.90  67.76  64.64  58.16  64.66   59.39  44.74  61.78   71.24  62.16
2024-03-19  51.34  47.76  24.62    60.50   74.76  50.41  38.84     50.90  67.76  64.64  58.16  64.66   59.39  44.74  61.78   71.24  62.16
2024-03-20  51.34  47.76  24.62    60.50   74.76  50.41  38.84     50.90  67.76  64.64  58.16  64.66   59.39  44.74  61.78   71.24  62.16
2024-03-21  51.34  47.76  24.62    60.50   74.76  50.41  38.84     50.90  67.76  64.64  58.16  64.66   59.39  44.74  61.78   71.24  62.16
2024-03-22  51.34  47.76  24.62    60.50   74.76  50.41  38.84     50.90  67.76  64.64  58.16  64.66   59.39  44.74  61.78   71.24  62.16

[447 rows x 17 columns]
2024-03-22 21:34:02,226 - INFO - tickers      AMZN    BCS    BLK CAAMX.SA CSMF.PA    EXK  HNNMY IMPACT.CO    JEF  KPMGY    MET   MSCI NOVN.SW     PM    UBP UBSG.SW    XOM
2023-01-01      0      0      0        0       0      0      0         0      0      0      0      0       0      0      0       0      0
2023-01-02      0      0      0        0       0      0      0         0      0      0      0      0       0      0      0       0      0
2023-01-03      0      0      0        0       0      0      0         0      0      0      0      0       0      0      0       0      0
2023-01-04      0      0      0        0       0      0      0         0      0      0      0      0       0      0      0       0      0
2023-01-05      0      0      0        0       0      0      0         0      0      0      0      0       0      0      0       0      0
...           ...    ...    ...      ...     ...    ...    ...       ...    ...    ...    ...    ...     ...    ...    ...     ...    ...
2024-03-18  51.34  47.76  24.62    60.50   74.76  50.41  38.84     50.90  67.76  64.64  58.16  64.66   59.39  44.74  61.78   71.24  62.16
2024-03-19  51.34  47.76  24.62    60.50   74.76  50.41  38.84     50.90  67.76  64.64  58.16  64.66   59.39  44.74  61.78   71.24  62.16
2024-03-20  51.34  47.76  24.62    60.50   74.76  50.41  38.84     50.90  67.76  64.64  58.16  64.66   59.39  44.74  61.78   71.24  62.16
2024-03-21  51.34  47.76  24.62    60.50   74.76  50.41  38.84     50.90  67.76  64.64  58.16  64.66   59.39  44.74  61.78   71.24  62.16
2024-03-22  51.34  47.76  24.62    60.50   74.76  50.41  38.84     50.90  67.76  64.64  58.16  64.66   59.39  44.74  61.78   71.24  62.16

[447 rows x 17 columns]
2024-03-22 21:34:26,050 - INFO - tickers      AMZN    BCS    BLK CAAMX.SA CSMF.PA    EXK  HNNMY IMPACT.CO    JEF  KPMGY    MET   MSCI NOVN.SW     PM    UBP UBSG.SW    XOM
2023-01-01      0      0      0        0       0      0      0         0      0      0      0      0       0      0      0       0      0
2023-01-02      0      0      0        0       0      0      0         0      0      0      0      0       0      0      0       0      0
2023-01-03      0      0      0        0       0      0      0         0      0      0      0      0       0      0      0       0      0
2023-01-04      0      0      0        0       0      0      0         0      0      0      0      0       0      0      0       0      0
2023-01-05      0      0      0        0       0      0      0         0      0      0      0      0       0      0      0       0      0
...           ...    ...    ...      ...     ...    ...    ...       ...    ...    ...    ...    ...     ...    ...    ...     ...    ...
2024-03-18  51.34  47.76  24.62    60.50   74.76  50.41  38.84     50.90  67.76  64.64  58.16  64.66   59.39  44.74  61.78   71.24  62.16
2024-03-19  51.34  47.76  24.62    60.50   74.76  50.41  38.84     50.90  67.76  64.64  58.16  64.66   59.39  44.74  61.78   71.24  62.16
2024-03-20  51.34  47.76  24.62    60.50   74.76  50.41  38.84     50.90  67.76  64.64  58.16  64.66   59.39  44.74  61.78   71.24  62.16
2024-03-21  51.34  47.76  24.62    60.50   74.76  50.41  38.84     50.90  67.76  64.64  58.16  64.66   59.39  44.74  61.78   71.24  62.16
2024-03-22  51.34  47.76  24.62    60.50   74.76  50.41  38.84     50.90  67.76  64.64  58.16  64.66   59.39  44.74  61.78   71.24  62.16

[447 rows x 17 columns]
2024-03-22 21:34:31,588 - INFO - tickers      AMZN    BCS    BLK CAAMX.SA CSMF.PA    EXK  HNNMY IMPACT.CO    JEF  KPMGY    MET   MSCI NOVN.SW     PM    UBP UBSG.SW    XOM
2023-01-01      0      0      0        0       0      0      0         0      0      0      0      0       0      0      0       0      0
2023-01-02      0      0      0        0       0      0      0         0      0      0      0      0       0      0      0       0      0
2023-01-03      0      0      0        0       0      0      0         0      0      0      0      0       0      0      0       0      0
2023-01-04      0      0      0        0       0      0      0         0      0      0      0      0       0      0      0       0      0
2023-01-05      0      0      0        0       0      0      0         0      0      0      0      0       0      0      0       0      0
...           ...    ...    ...      ...     ...    ...    ...       ...    ...    ...    ...    ...     ...    ...    ...     ...    ...
2024-03-18  51.34  47.76  24.62    60.50   74.76  50.41  38.84     50.90  67.76  64.64  58.16  64.66   59.39  44.74  61.78   71.24  62.16
2024-03-19  51.34  47.76  24.62    60.50   74.76  50.41  38.84     50.90  67.76  64.64  58.16  64.66   59.39  44.74  61.78   71.24  62.16
2024-03-20  51.34  47.76  24.62    60.50   74.76  50.41  38.84     50.90  67.76  64.64  58.16  64.66   59.39  44.74  61.78   71.24  62.16
2024-03-21  51.34  47.76  24.62    60.50   74.76  50.41  38.84     50.90  67.76  64.64  58.16  64.66   59.39  44.74  61.78   71.24  62.16
2024-03-22  51.34  47.76  24.62    60.50   74.76  50.41  38.84     50.90  67.76  64.64  58.16  64.66   59.39  44.74  61.78   71.24  62.16

[447 rows x 17 columns]
2024-03-22 21:35:08,630 - INFO - tickers      AMZN    BCS    BLK CAAMX.SA CSMF.PA    EXK  HNNMY IMPACT.CO    JEF  KPMGY    MET   MSCI NOVN.SW     PM    UBP UBSG.SW    XOM
2023-01-01      0      0      0        0       0      0      0         0      0      0      0      0       0      0      0       0      0
2023-01-02      0      0      0        0       0      0      0         0      0      0      0      0       0      0      0       0      0
2023-01-03      0      0      0        0       0      0      0         0      0      0      0      0       0      0      0       0      0
2023-01-04      0      0      0        0       0      0      0         0      0      0      0      0       0      0      0       0      0
2023-01-05      0      0      0        0       0      0      0         0      0      0      0      0       0      0      0       0      0
...           ...    ...    ...      ...     ...    ...    ...       ...    ...    ...    ...    ...     ...    ...    ...     ...    ...
2024-03-18  51.34  47.76  24.62    60.50   74.76  50.41  38.84     50.90  67.76  64.64  58.16  64.66   59.39  44.74  61.78   71.24  62.16
2024-03-19  51.34  47.76  24.62    60.50   74.76  50.41  38.84     50.90  67.76  64.64  58.16  64.66   59.39  44.74  61.78   71.24  62.16
2024-03-20  51.34  47.76  24.62    60.50   74.76  50.41  38.84     50.90  67.76  64.64  58.16  64.66   59.39  44.74  61.78   71.24  62.16
2024-03-21  51.34  47.76  24.62    60.50   74.76  50.41  38.84     50.90  67.76  64.64  58.16  64.66   59.39  44.74  61.78   71.24  62.16
2024-03-22  51.34  47.76  24.62    60.50   74.76  50.41  38.84     50.90  67.76  64.64  58.16  64.66   59.39  44.74  61.78   71.24  62.16

[447 rows x 17 columns]
2024-03-22 21:35:28,510 - INFO - tickers      AMZN    BCS    BLK CAAMX.SA CSMF.PA    EXK  HNNMY IMPACT.CO    JEF  KPMGY    MET   MSCI NOVN.SW     PM    UBP UBSG.SW    XOM
2023-01-01      0      0      0        0       0      0      0         0      0      0      0      0       0      0      0       0      0
2023-01-02      0      0      0        0       0      0      0         0      0      0      0      0       0      0      0       0      0
2023-01-03      0      0      0        0       0      0      0         0      0      0      0      0       0      0      0       0      0
2023-01-04      0      0      0        0       0      0      0         0      0      0      0      0       0      0      0       0      0
2023-01-05      0      0      0        0       0      0      0         0      0      0      0      0       0      0      0       0      0
...           ...    ...    ...      ...     ...    ...    ...       ...    ...    ...    ...    ...     ...    ...    ...     ...    ...
2024-03-18  51.34  47.76  24.62    60.50   74.76  50.41  38.84     50.90  67.76  64.64  58.16  64.66   59.39  44.74  61.78   71.24  62.16
2024-03-19  51.34  47.76  24.62    60.50   74.76  50.41  38.84     50.90  67.76  64.64  58.16  64.66   59.39  44.74  61.78   71.24  62.16
2024-03-20  51.34  47.76  24.62    60.50   74.76  50.41  38.84     50.90  67.76  64.64  58.16  64.66   59.39  44.74  61.78   71.24  62.16
2024-03-21  51.34  47.76  24.62    60.50   74.76  50.41  38.84     50.90  67.76  64.64  58.16  64.66   59.39  44.74  61.78   71.24  62.16
2024-03-22  51.34  47.76  24.62    60.50   74.76  50.41  38.84     50.90  67.76  64.64  58.16  64.66   59.39  44.74  61.78   71.24  62.16

[447 rows x 17 columns]
2024-03-22 21:35:55,708 - INFO - tickers      AMZN    BCS    BLK CAAMX.SA CSMF.PA    EXK  HNNMY IMPACT.CO    JEF  KPMGY    MET   MSCI NOVN.SW     PM    UBP UBSG.SW    XOM
2023-01-01      0      0      0        0       0      0      0         0      0      0      0      0       0      0      0       0      0
2023-01-02      0      0      0        0       0      0      0         0      0      0      0      0       0      0      0       0      0
2023-01-03      0      0      0        0       0      0      0         0      0      0      0      0       0      0      0       0      0
2023-01-04      0      0      0        0       0      0      0         0      0      0      0      0       0      0      0       0      0
2023-01-05      0      0      0        0       0      0      0         0      0      0      0      0       0      0      0       0      0
...           ...    ...    ...      ...     ...    ...    ...       ...    ...    ...    ...    ...     ...    ...    ...     ...    ...
2024-03-18  51.34  47.76  24.62    60.50   74.76  50.41  38.84     50.90  67.76  64.64  58.16  64.66   59.39  44.74  61.78   71.24  62.16
2024-03-19  51.34  47.76  24.62    60.50   74.76  50.41  38.84     50.90  67.76  64.64  58.16  64.66   59.39  44.74  61.78   71.24  62.16
2024-03-20  51.34  47.76  24.62    60.50   74.76  50.41  38.84     50.90  67.76  64.64  58.16  64.66   59.39  44.74  61.78   71.24  62.16
2024-03-21  51.34  47.76  24.62    60.50   74.76  50.41  38.84     50.90  67.76  64.64  58.16  64.66   59.39  44.74  61.78   71.24  62.16
2024-03-22  51.34  47.76  24.62    60.50   74.76  50.41  38.84     50.90  67.76  64.64  58.16  64.66   59.39  44.74  61.78   71.24  62.16

[447 rows x 17 columns]
2024-03-22 21:36:20,772 - INFO - tickers      AMZN    BCS    BLK CAAMX.SA CSMF.PA    EXK  HNNMY IMPACT.CO    JEF  KPMGY    MET   MSCI NOVN.SW     PM    UBP UBSG.SW    XOM
2023-01-01      0      0      0        0       0      0      0         0      0      0      0      0       0      0      0       0      0
2023-01-02      0      0      0        0       0      0      0         0      0      0      0      0       0      0      0       0      0
2023-01-03      0      0      0        0       0      0      0         0      0      0      0      0       0      0      0       0      0
2023-01-04      0      0      0        0       0      0      0         0      0      0      0      0       0      0      0       0      0
2023-01-05      0      0      0        0       0      0      0         0      0      0      0      0       0      0      0       0      0
...           ...    ...    ...      ...     ...    ...    ...       ...    ...    ...    ...    ...     ...    ...    ...     ...    ...
2024-03-18  51.34  47.76  24.62    60.50   74.76  50.41  38.84     50.90  67.76  64.64  58.16  64.66   59.39  44.74  61.78   71.24  62.16
2024-03-19  51.34  47.76  24.62    60.50   74.76  50.41  38.84     50.90  67.76  64.64  58.16  64.66   59.39  44.74  61.78   71.24  62.16
2024-03-20  51.34  47.76  24.62    60.50   74.76  50.41  38.84     50.90  67.76  64.64  58.16  64.66   59.39  44.74  61.78   71.24  62.16
2024-03-21  51.34  47.76  24.62    60.50   74.76  50.41  38.84     50.90  67.76  64.64  58.16  64.66   59.39  44.74  61.78   71.24  62.16
2024-03-22  51.34  47.76  24.62    60.50   74.76  50.41  38.84     50.90  67.76  64.64  58.16  64.66   59.39  44.74  61.78   71.24  62.16

[447 rows x 17 columns]
2024-03-22 21:36:41,602 - INFO - tickers      AMZN    BCS    BLK CAAMX.SA CSMF.PA    EXK  HNNMY IMPACT.CO    JEF  KPMGY    MET   MSCI NOVN.SW     PM    UBP UBSG.SW    XOM
2023-01-01      0      0      0        0       0      0      0         0      0      0      0      0       0      0      0       0      0
2023-01-02      0      0      0        0       0      0      0         0      0      0      0      0       0      0      0       0      0
2023-01-03      0      0      0        0       0      0      0         0      0      0      0      0       0      0      0       0      0
2023-01-04      0      0      0        0       0      0      0         0      0      0      0      0       0      0      0       0      0
2023-01-05      0      0      0        0       0      0      0         0      0      0      0      0       0      0      0       0      0
...           ...    ...    ...      ...     ...    ...    ...       ...    ...    ...    ...    ...     ...    ...    ...     ...    ...
2024-03-18  51.34  47.76  24.62    60.50   74.76  50.41  38.84     50.90  67.76  64.64  58.16  64.66   59.39  44.74  61.78   71.24  62.16
2024-03-19  51.34  47.76  24.62    60.50   74.76  50.41  38.84     50.90  67.76  64.64  58.16  64.66   59.39  44.74  61.78   71.24  62.16
2024-03-20  51.34  47.76  24.62    60.50   74.76  50.41  38.84     50.90  67.76  64.64  58.16  64.66   59.39  44.74  61.78   71.24  62.16
2024-03-21  51.34  47.76  24.62    60.50   74.76  50.41  38.84     50.90  67.76  64.64  58.16  64.66   59.39  44.74  61.78   71.24  62.16
2024-03-22  51.34  47.76  24.62    60.50   74.76  50.41  38.84     50.90  67.76  64.64  58.16  64.66   59.39  44.74  61.78   71.24  62.16

[447 rows x 17 columns]
2024-03-22 21:37:39,061 - INFO - tickers      AMZN    BCS    BLK CAAMX.SA CSMF.PA    EXK  HNNMY IMPACT.CO    JEF  KPMGY    MET   MSCI NOVN.SW     PM    UBP UBSG.SW    XOM
2023-01-01      0      0      0        0       0      0      0         0      0      0      0      0       0      0      0       0      0
2023-01-02      0      0      0        0       0      0      0         0      0      0      0      0       0      0      0       0      0
2023-01-03      0      0      0        0       0      0      0         0      0      0      0      0       0      0      0       0      0
2023-01-04      0      0      0        0       0      0      0         0      0      0      0      0       0      0      0       0      0
2023-01-05      0      0      0        0       0      0      0         0      0      0      0      0       0      0      0       0      0
...           ...    ...    ...      ...     ...    ...    ...       ...    ...    ...    ...    ...     ...    ...    ...     ...    ...
2024-03-18  51.34  47.76  24.62    60.50   74.76  50.41  38.84     50.90  67.76  64.64  58.16  64.66   59.39  44.74  61.78   71.24  62.16
2024-03-19  51.34  47.76  24.62    60.50   74.76  50.41  38.84     50.90  67.76  64.64  58.16  64.66   59.39  44.74  61.78   71.24  62.16
2024-03-20  51.34  47.76  24.62    60.50   74.76  50.41  38.84     50.90  67.76  64.64  58.16  64.66   59.39  44.74  61.78   71.24  62.16
2024-03-21  51.34  47.76  24.62    60.50   74.76  50.41  38.84     50.90  67.76  64.64  58.16  64.66   59.39  44.74  61.78   71.24  62.16
2024-03-22  51.34  47.76  24.62    60.50   74.76  50.41  38.84     50.90  67.76  64.64  58.16  64.66   59.39  44.74  61.78   71.24  62.16

[447 rows x 17 columns]
2024-03-22 21:38:08,238 - INFO - tickers      AMZN    BCS    BLK CAAMX.SA CSMF.PA    EXK  HNNMY IMPACT.CO    JEF  KPMGY    MET   MSCI NOVN.SW     PM    UBP UBSG.SW    XOM
2023-01-01      0      0      0        0       0      0      0         0      0      0      0      0       0      0      0       0      0
2023-01-02      0      0      0        0       0      0      0         0      0      0      0      0       0      0      0       0      0
2023-01-03      0      0      0        0       0      0      0         0      0      0      0      0       0      0      0       0      0
2023-01-04      0      0      0        0       0      0      0         0      0      0      0      0       0      0      0       0      0
2023-01-05      0      0      0        0       0      0      0         0      0      0      0      0       0      0      0       0      0
...           ...    ...    ...      ...     ...    ...    ...       ...    ...    ...    ...    ...     ...    ...    ...     ...    ...
2024-03-18  51.34  47.76  24.62    60.50   74.76  50.41  38.84     50.90  67.76  64.64  58.16  64.66   59.39  44.74  61.78   71.24  62.16
2024-03-19  51.34  47.76  24.62    60.50   74.76  50.41  38.84     50.90  67.76  64.64  58.16  64.66   59.39  44.74  61.78   71.24  62.16
2024-03-20  51.34  47.76  24.62    60.50   74.76  50.41  38.84     50.90  67.76  64.64  58.16  64.66   59.39  44.74  61.78   71.24  62.16
2024-03-21  51.34  47.76  24.62    60.50   74.76  50.41  38.84     50.90  67.76  64.64  58.16  64.66   59.39  44.74  61.78   71.24  62.16
2024-03-22  51.34  47.76  24.62    60.50   74.76  50.41  38.84     50.90  67.76  64.64  58.16  64.66   59.39  44.74  61.78   71.24  62.16

[447 rows x 17 columns]
2024-03-22 21:49:26,049 - ERROR - Error adding company signup details: 'RootLogger' object has no attribute 'ino'
